<?xml version="1.0" encoding="UTF-8" ?>
<testsuite errors="0" failures="0" hostname="D-441007269" name="TestRun.TestBooking" skipped="0" tests="10" time="0.092" timestamp="2018-01-10T05:03:16">
  <properties>
    <property name="java.vendor" value="Oracle Corporation" />
    <property name="env.USERDOMAIN_ROAMINGPROFILE" value="WIPRO" />
    <property name="env.DEFLOGDIR" value="C:\ProgramData\McAfee\Endpoint Security\Logs" />
    <property name="sun.java.launcher" value="SUN_STANDARD" />
    <property name="eclipse.pdebuild.templates" value="C:\Users\ar393558\Desktop\eclipse\plugins\org.eclipse.pde.build_3.9.300.v20170515-0912\templates" />
    <property name="sun.management.compiler" value="HotSpot 64-Bit Tiered Compilers" />
    <property name="env.PROMPT" value="$P$G" />
    <property name="os.name" value="Windows 10" />
    <property name="sun.boot.class.path" value="C:\Program Files\Java\jre1.8.0_131\lib\resources.jar;C:\Program Files\Java\jre1.8.0_131\lib\rt.jar;C:\Program Files\Java\jre1.8.0_131\lib\sunrsasign.jar;C:\Program Files\Java\jre1.8.0_131\lib\jsse.jar;C:\Program Files\Java\jre1.8.0_131\lib\jce.jar;C:\Program Files\Java\jre1.8.0_131\lib\charsets.jar;C:\Program Files\Java\jre1.8.0_131\lib\jfr.jar;C:\Program Files\Java\jre1.8.0_131\classes" />
    <property name="env.COMPUTERNAME" value="D-441007269" />
    <property name="env.CommonProgramW6432" value="C:\Program Files\Common Files" />
    <property name="env.ALLUSERSPROFILE" value="C:\ProgramData" />
    <property name="sun.desktop" value="windows" />
    <property name="java.vm.specification.vendor" value="Oracle Corporation" />
    <property name="ant.home" value="C:\Users\ar393558\Desktop\eclipse\plugins\org.apache.ant_1.10.1.v20170504-0840" />
    <property name="java.runtime.version" value="1.8.0_131-b11" />
    <property name="env.HOMEPATH" value="\Users\ar393558" />
    <property name="user.name" value="AR393558" />
    <property name="user.language" value="en" />
    <property name="ant.file.type.OnlineBookingService" value="file" />
    <property name="sun.boot.library.path" value="C:\Program Files\Java\jre1.8.0_131\bin" />
    <property name="ant.project.default-target" value="OnlineBookingService" />
    <property name="ant.project.name" value="OnlineBookingService" />
    <property name="java.version" value="1.8.0_131" />
    <property name="env.PROCESSOR_IDENTIFIER" value="AMD64 Family 21 Model 19 Stepping 1, AuthenticAMD" />
    <property name="user.timezone" value="" />
    <property name="env.TEMP" value="C:\Users\ar393558\AppData\Local\Temp" />
    <property name="sun.arch.data.model" value="64" />
    <property name="java.endorsed.dirs" value="C:\Program Files\Java\jre1.8.0_131\lib\endorsed" />
    <property name="sun.cpu.isalist" value="amd64" />
    <property name="env.HOMEDRIVE" value="C:" />
    <property name="sun.jnu.encoding" value="Cp1252" />
    <property name="file.encoding.pkg" value="sun.io" />
    <property name="ECLIPSE_HOME" value="C:/eclipse/" />
    <property name="file.separator" value="\" />
    <property name="java.specification.name" value="Java Platform API Specification" />
    <property name="java.class.version" value="52.0" />
    <property name="user.country" value="US" />
    <property name="java.home" value="C:\Program Files\Java\jre1.8.0_131" />
    <property name="env.PSModulePath" value="C:\Program Files\WindowsPowerShell\Modules;C:\windows\system32\WindowsPowerShell\v1.0\Modules" />
    <property name="env.APPDATA" value="C:\Users\ar393558\AppData\Roaming" />
    <property name="env.PUBLIC" value="C:\Users\Public" />
    <property name="java.vm.info" value="mixed mode" />
    <property name="env.ComSpec" value="C:\windows\system32\cmd.exe" />
    <property name="env.OS" value="Windows_NT" />
    <property name="env.CommonProgramFiles" value="C:\Program Files\Common Files" />
    <property name="ant.file" value="C:\Users\ar393558\Desktop\eclipse projects\OnlineBookingService\build.xml" />
    <property name="os.version" value="10.0" />
    <property name="env.ProgramW6432" value="C:\Program Files" />
    <property name="path.separator" value=";" />
    <property name="java.vm.version" value="25.131-b11" />
    <property name="user.variant" value="" />
    <property name="env.USERPROFILE" value="C:\Users\ar393558" />
    <property name="ant.library.dir" value="C:\Users\ar393558\Desktop\eclipse\plugins\org.apache.ant_1.10.1.v20170504-0840\lib" />
    <property name="junit.output.dir" value="junit" />
    <property name="env.JAVA_HOME" value="C:\Program Files\Java\jdk1.8.0_65" />
    <property name="java.awt.printerjob" value="sun.awt.windows.WPrinterJob" />
    <property name="env.TMP" value="C:\Users\ar393558\AppData\Local\Temp" />
    <property name="env.FPS_BROWSER_USER_PROFILE_STRING" value="Default" />
    <property name="sun.io.unicode.encoding" value="UnicodeLittle" />
    <property name="awt.toolkit" value="sun.awt.windows.WToolkit" />
    <property name="user.script" value="" />
    <property name="eclipse.pdebuild.scripts" value="C:\Users\ar393558\Desktop\eclipse\plugins\org.eclipse.pde.build_3.9.300.v20170515-0912\scripts" />
    <property name="user.home" value="C:\Users\ar393558" />
    <property name="target" value="1.8" />
    <property name="env.ProgramData" value="C:\ProgramData" />
    <property name="env.SESSIONNAME" value="Console" />
    <property name="env.ProgramFiles(x86)" value="C:\Program Files (x86)" />
    <property name="java.specification.vendor" value="Oracle Corporation" />
    <property name="java.library.path" value="C:\Program Files\Java\jre1.8.0_131\bin;C:\windows\Sun\Java\bin;C:\windows\system32;C:\windows;C:/Program Files/Java/jre1.8.0_131/bin/server;C:/Program Files/Java/jre1.8.0_131/bin;C:/Program Files/Java/jre1.8.0_131/lib/amd64;C:\ProgramData\Oracle\Java\javapath;C:\windows\system32;C:\windows;C:\windows\System32\Wbem;C:\windows\System32\WindowsPowerShell\v1.0\;C:\Program Files\nodejs\;C:\Program Files\Java\jdk1.8.0_65\bin;C:\apache-ant-1.9.4\bin;C:\Users\ar393558\AppData\Local\Microsoft\WindowsApps;C:\Users\ar393558\AppData\Roaming\npm;C:\Program Files (x86)\Microsoft VS Code\bin;C:\Users\ar393558\Desktop\eclipse;;." />
    <property name="env.NUMBER_OF_PROCESSORS" value="4" />
    <property name="java.vendor.url" value="http://java.oracle.com/" />
    <property name="env.USERDNSDOMAIN" value="WIPRO.COM" />
    <property name="java.vm.vendor" value="Oracle Corporation" />
    <property name="java.runtime.name" value="Java(TM) SE Runtime Environment" />
    <property name="ant.version" value="Apache Ant(TM) version 1.10.1 compiled on February 2 2017" />
    <property name="sun.java.command" value="org.apache.tools.ant.taskdefs.optional.junit.JUnitTestRunner TestRun.TestBooking skipNonTests=false filtertrace=true haltOnError=false haltOnFailure=false formatter=org.apache.tools.ant.taskdefs.optional.junit.OutErrSummaryJUnitResultFormatter showoutput=false outputtoformatters=true logfailedtests=true threadid=0 logtestlistenerevents=false formatter=org.apache.tools.ant.taskdefs.optional.junit.XMLJUnitResultFormatter,C:\Users\ar393558\Desktop\eclipse projects\OnlineBookingService\junit\TEST-TestRun.TestBooking.xml crashfile=C:\Users\ar393558\Desktop\eclipse projects\OnlineBookingService\junitvmwatcher736457769079270929.properties propsfile=C:\Users\ar393558\Desktop\eclipse projects\OnlineBookingService\junit7721516134706288070.properties" />
    <property name="java.class.path" value="C:\Users\ar393558\Desktop\eclipse projects\OnlineBookingService\build\classes;c:\junit\junit-4.12.jar;c:\junit\hamcrest-all-1.3.jar;C:\apache-tomcat-7.0.70\lib\annotations-api.jar;C:\apache-tomcat-7.0.70\lib\catalina-ant.jar;C:\apache-tomcat-7.0.70\lib\catalina-ha.jar;C:\apache-tomcat-7.0.70\lib\catalina-tribes.jar;C:\apache-tomcat-7.0.70\lib\catalina.jar;C:\apache-tomcat-7.0.70\lib\el-api.jar;C:\apache-tomcat-7.0.70\lib\jasper-el.jar;C:\apache-tomcat-7.0.70\lib\jasper.jar;C:\apache-tomcat-7.0.70\lib\jsp-api.jar;C:\apache-tomcat-7.0.70\lib\servlet-api.jar;C:\apache-tomcat-7.0.70\lib\tomcat-api.jar;C:\apache-tomcat-7.0.70\lib\tomcat-coyote.jar;C:\apache-tomcat-7.0.70\lib\tomcat-dbcp.jar;C:\apache-tomcat-7.0.70\lib\tomcat-i18n-es.jar;C:\apache-tomcat-7.0.70\lib\tomcat-i18n-fr.jar;C:\apache-tomcat-7.0.70\lib\tomcat-i18n-ja.jar;C:\apache-tomcat-7.0.70\lib\tomcat-jdbc.jar;C:\apache-tomcat-7.0.70\lib\tomcat-util.jar;C:\apache-tomcat-7.0.70\lib\websocket-api.jar;C:\Users\ar393558\Desktop\eclipse\plugins\org.apache.ant_1.10.1.v20170504-0840\lib\ant-launcher.jar;C:\Users\ar393558\Desktop\eclipse\plugins\org.apache.ant_1.10.1.v20170504-0840\lib\ant.jar;C:\Users\ar393558\Desktop\eclipse\plugins\org.apache.ant_1.10.1.v20170504-0840\lib\ant-junit.jar;C:\Users\ar393558\Desktop\eclipse\plugins\org.apache.ant_1.10.1.v20170504-0840\lib\ant-junit4.jar" />
    <property name="java.vm.specification.name" value="Java Virtual Machine Specification" />
    <property name="env.LOGONSERVER" value="\\CHN-SNR-DC01" />
    <property name="env.windir" value="C:\windows" />
    <property name="java.vm.specification.version" value="1.8" />
    <property name="env.PROCESSOR_ARCHITECTURE" value="AMD64" />
    <property name="sun.os.patch.level" value="" />
    <property name="sun.cpu.endian" value="little" />
    <property name="debuglevel" value="source,lines,vars" />
    <property name="env.ProgramFiles" value="C:\Program Files" />
    <property name="env.ANT_HOME" value="C:\Users\ar393558\Desktop\eclipse\plugins\org.apache.ant_1.10.1.v20170504-0840" />
    <property name="env.junit_home" value="C:\JUnit" />
    <property name="env.PROCESSOR_REVISION" value="1301" />
    <property name="eclipse.pdebuild.home" value="C:\Users\ar393558\Desktop\eclipse\plugins\org.eclipse.pde.build_3.9.300.v20170515-0912\." />
    <property name="env.UATDATA" value="C:\Windows\CCM\UATData\D9F8C395-CAB8-491d-B8AC-179A1FE1BE77" />
    <property name="java.io.tmpdir" value="C:\Users\ar393558\AppData\Local\Temp\" />
    <property name="env.CommonProgramFiles(x86)" value="C:\Program Files (x86)\Common Files" />
    <property name="java.vendor.url.bug" value="http://bugreport.sun.com/bugreport/" />
    <property name="env.SystemRoot" value="C:\windows" />
    <property name="env.FPS_BROWSER_APP_PROFILE_STRING" value="Internet Explorer" />
    <property name="java.awt.graphicsenv" value="sun.awt.Win32GraphicsEnvironment" />
    <property name="os.arch" value="amd64" />
    <property name="java.ext.dirs" value="C:\Program Files\Java\jre1.8.0_131\lib\ext;C:\windows\Sun\Java\lib\ext" />
    <property name="env.LOCALAPPDATA" value="C:\Users\ar393558\AppData\Local" />
    <property name="user.dir" value="C:\Users\ar393558\Desktop\eclipse projects\OnlineBookingService" />
    <property name="line.separator" value="&#xd;&#xa;" />
    <property name="java.vm.name" value="Java HotSpot(TM) 64-Bit Server VM" />
    <property name="env.PATHEXT" value=".COM;.EXE;.BAT;.CMD;.VBS;.VBE;.JS;.JSE;.WSF;.WSH;.MSC" />
    <property name="env.Path" value="C:/Program Files/Java/jre1.8.0_131/bin/server;C:/Program Files/Java/jre1.8.0_131/bin;C:/Program Files/Java/jre1.8.0_131/lib/amd64;C:\ProgramData\Oracle\Java\javapath;C:\windows\system32;C:\windows;C:\windows\System32\Wbem;C:\windows\System32\WindowsPowerShell\v1.0\;C:\Program Files\nodejs\;C:\Program Files\Java\jdk1.8.0_65\bin;C:\apache-ant-1.9.4\bin;C:\Users\ar393558\AppData\Local\Microsoft\WindowsApps;C:\Users\ar393558\AppData\Roaming\npm;C:\Program Files (x86)\Microsoft VS Code\bin;C:\Users\ar393558\Desktop\eclipse;" />
    <property name="basedir" value="C:\Users\ar393558\Desktop\eclipse projects\OnlineBookingService" />
    <property name="ant.java.version" value="1.8" />
    <property name="ant.core.lib" value="C:\Users\ar393558\Desktop\eclipse\plugins\org.apache.ant_1.10.1.v20170504-0840\lib\ant.jar" />
    <property name="env.USERNAME" value="AR393558" />
    <property name="source" value="1.8" />
    <property name="env.SystemDrive" value="C:" />
    <property name="file.encoding" value="Cp1252" />
    <property name="env.USERDOMAIN" value="WIPRO" />
    <property name="ant.file.OnlineBookingService" value="C:\Users\ar393558\Desktop\eclipse projects\OnlineBookingService\build.xml" />
    <property name="java.specification.version" value="1.8" />
    <property name="ant.project.invoked-targets" value="OnlineBookingService" />
    <property name="env.PROCESSOR_LEVEL" value="21" />
  </properties>
  <testcase classname="TestRun.TestBooking" name="testName" time="0.002" />
  <testcase classname="TestRun.TestBooking" name="testTicketNumber" time="0.001" />
  <testcase classname="TestRun.TestBooking" name="testPasswordNameComparision" time="0.0" />
  <testcase classname="TestRun.TestBooking" name="testmoviename" time="0.0" />
  <testcase classname="TestRun.TestBooking" name="testTotalCost" time="0.001" />
  <testcase classname="TestRun.TestBooking" name="testNameComparision" time="0.0" />
  <testcase classname="TestRun.TestBooking" name="testTheatreName" time="0.001" />
  <testcase classname="TestRun.TestBooking" name="testTicketType" time="0.0" />
  <testcase classname="TestRun.TestBooking" name="testPassword" time="0.0" />
  <testcase classname="TestRun.TestBooking" name="testTicketAvailablity" time="0.0" />
  <system-out><![CDATA[]]></system-out>
  <system-err><![CDATA[]]></system-err>
</testsuite>
